  main.cpp
c:\users\назар\desktop\oop c++\class-work\project1\project1\queue.h(35): error C2679: бинарный "<<": не найден оператор, принимающий правый операнд типа "std::list<T,std::allocator<_Ty>>" (или приемлемое преобразование отсутствует)
          with
          [
              T=int,
              _Ty=int
          ]
  d:\ивжуал студио\vc\tools\msvc\14.15.26726\include\ostream(508): note: может быть "std::basic_ostream<char,std::char_traits<char>> &std::basic_ostream<char,std::char_traits<char>>::operator <<(std::basic_streambuf<char,std::char_traits<char>> *)"
  d:\ивжуал студио\vc\tools\msvc\14.15.26726\include\ostream(480): note: или       "std::basic_ostream<char,std::char_traits<char>> &std::basic_ostream<char,std::char_traits<char>>::operator <<(const void *)"
  d:\ивжуал студио\vc\tools\msvc\14.15.26726\include\ostream(460): note: или       "std::basic_ostream<char,std::char_traits<char>> &std::basic_ostream<char,std::char_traits<char>>::operator <<(long double)"
  d:\ивжуал студио\vc\tools\msvc\14.15.26726\include\ostream(440): note: или       "std::basic_ostream<char,std::char_traits<char>> &std::basic_ostream<char,std::char_traits<char>>::operator <<(double)"
  d:\ивжуал студио\vc\tools\msvc\14.15.26726\include\ostream(420): note: или       "std::basic_ostream<char,std::char_traits<char>> &std::basic_ostream<char,std::char_traits<char>>::operator <<(float)"
  d:\ивжуал студио\vc\tools\msvc\14.15.26726\include\ostream(400): note: или       "std::basic_ostream<char,std::char_traits<char>> &std::basic_ostream<char,std::char_traits<char>>::operator <<(unsigned __int64)"
  d:\ивжуал студио\vc\tools\msvc\14.15.26726\include\ostream(380): note: или       "std::basic_ostream<char,std::char_traits<char>> &std::basic_ostream<char,std::char_traits<char>>::operator <<(__int64)"
  d:\ивжуал студио\vc\tools\msvc\14.15.26726\include\ostream(360): note: или       "std::basic_ostream<char,std::char_traits<char>> &std::basic_ostream<char,std::char_traits<char>>::operator <<(unsigned long)"
  d:\ивжуал студио\vc\tools\msvc\14.15.26726\include\ostream(340): note: или       "std::basic_ostream<char,std::char_traits<char>> &std::basic_ostream<char,std::char_traits<char>>::operator <<(long)"
  d:\ивжуал студио\vc\tools\msvc\14.15.26726\include\ostream(320): note: или       "std::basic_ostream<char,std::char_traits<char>> &std::basic_ostream<char,std::char_traits<char>>::operator <<(unsigned int)"
  d:\ивжуал студио\vc\tools\msvc\14.15.26726\include\ostream(295): note: или       "std::basic_ostream<char,std::char_traits<char>> &std::basic_ostream<char,std::char_traits<char>>::operator <<(int)"
  d:\ивжуал студио\vc\tools\msvc\14.15.26726\include\ostream(275): note: или       "std::basic_ostream<char,std::char_traits<char>> &std::basic_ostream<char,std::char_traits<char>>::operator <<(unsigned short)"
  d:\ивжуал студио\vc\tools\msvc\14.15.26726\include\ostream(241): note: или       "std::basic_ostream<char,std::char_traits<char>> &std::basic_ostream<char,std::char_traits<char>>::operator <<(short)"
  d:\ивжуал студио\vc\tools\msvc\14.15.26726\include\ostream(221): note: или       "std::basic_ostream<char,std::char_traits<char>> &std::basic_ostream<char,std::char_traits<char>>::operator <<(bool)"
  d:\ивжуал студио\vc\tools\msvc\14.15.26726\include\ostream(215): note: или       "std::basic_ostream<char,std::char_traits<char>> &std::basic_ostream<char,std::char_traits<char>>::operator <<(std::ios_base &(__cdecl *)(std::ios_base &))"
  d:\ивжуал студио\vc\tools\msvc\14.15.26726\include\ostream(209): note: или       "std::basic_ostream<char,std::char_traits<char>> &std::basic_ostream<char,std::char_traits<char>>::operator <<(std::basic_ios<char,std::char_traits<char>> &(__cdecl *)(std::basic_ios<char,std::char_traits<char>> &))"
  d:\ивжуал студио\vc\tools\msvc\14.15.26726\include\ostream(204): note: или       "std::basic_ostream<char,std::char_traits<char>> &std::basic_ostream<char,std::char_traits<char>>::operator <<(std::basic_ostream<char,std::char_traits<char>> &(__cdecl *)(std::basic_ostream<char,std::char_traits<char>> &))"
  d:\ивжуал студио\vc\tools\msvc\14.15.26726\include\ostream(1047): note: или       "std::basic_ostream<char,std::char_traits<char>> &std::operator <<<char,std::char_traits<char>>(std::basic_ostream<char,std::char_traits<char>> &,const std::error_code &)"
  d:\ивжуал студио\vc\tools\msvc\14.15.26726\include\ostream(981): note: или       "std::basic_ostream<char,std::char_traits<char>> &std::operator <<<std::char_traits<char>>(std::basic_ostream<char,std::char_traits<char>> &,unsigned char)"
  d:\ивжуал студио\vc\tools\msvc\14.15.26726\include\ostream(974): note: или       "std::basic_ostream<char,std::char_traits<char>> &std::operator <<<std::char_traits<char>>(std::basic_ostream<char,std::char_traits<char>> &,const unsigned char *)"
  d:\ивжуал студио\vc\tools\msvc\14.15.26726\include\ostream(967): note: или       "std::basic_ostream<char,std::char_traits<char>> &std::operator <<<std::char_traits<char>>(std::basic_ostream<char,std::char_traits<char>> &,signed char)"
  d:\ивжуал студио\vc\tools\msvc\14.15.26726\include\ostream(960): note: или       "std::basic_ostream<char,std::char_traits<char>> &std::operator <<<std::char_traits<char>>(std::basic_ostream<char,std::char_traits<char>> &,const signed char *)"
  d:\ивжуал студио\vc\tools\msvc\14.15.26726\include\ostream(834): note: или       "std::basic_ostream<char,std::char_traits<char>> &std::operator <<<std::char_traits<char>>(std::basic_ostream<char,std::char_traits<char>> &,char)"
  d:\ивжуал студио\vc\tools\msvc\14.15.26726\include\ostream(787): note: или       "std::basic_ostream<char,std::char_traits<char>> &std::operator <<<std::char_traits<char>>(std::basic_ostream<char,std::char_traits<char>> &,const char *)"
  d:\ивжуал студио\vc\tools\msvc\14.15.26726\include\ostream(749): note: или       "std::basic_ostream<char,std::char_traits<char>> &std::operator <<<char,std::char_traits<char>>(std::basic_ostream<char,std::char_traits<char>> &,char)"
  d:\ивжуал студио\vc\tools\msvc\14.15.26726\include\ostream(702): note: или       "std::basic_ostream<char,std::char_traits<char>> &std::operator <<<char,std::char_traits<char>>(std::basic_ostream<char,std::char_traits<char>> &,const char *)"
  c:\users\назар\desktop\oop c++\class-work\project1\project1\queue.h(35): note: при попытке сопоставить список аргументов "(std::ostream, std::list<T,std::allocator<_Ty>>)"
          with
          [
              T=int,
              _Ty=int
          ]
  c:\users\назар\desktop\oop c++\class-work\project1\project1\queue.h(31): note: при компиляции функции-члена "<Нет данных>" класса класс <Нет данных>
  c:\users\назар\desktop\oop c++\class-work\project1\project1\main.cpp(11): note: выполняется компиляция ссылки на экземпляр шаблон функции "void queue<int>::show(void)"
  c:\users\назар\desktop\oop c++\class-work\project1\project1\main.cpp(7): note: выполняется компиляция ссылки на экземпляр шаблон класс "queue<int>"
c:\users\назар\desktop\oop c++\class-work\project1\project1\queue.h(42): error C2679: бинарный "=": не найден оператор, принимающий правый операнд типа "nullptr" (или приемлемое преобразование отсутствует)
  d:\ивжуал студио\vc\tools\msvc\14.15.26726\include\list(985): note: может быть "std::list<T,std::allocator<_Ty>> &std::list<_Ty,std::allocator<_Ty>>::operator =(const std::list<_Ty,std::allocator<_Ty>> &)"
          with
          [
              T=int,
              _Ty=int
          ]
  d:\ивжуал студио\vc\tools\msvc\14.15.26726\include\list(963): note: или       "std::list<T,std::allocator<_Ty>> &std::list<_Ty,std::allocator<_Ty>>::operator =(std::initializer_list<_Ty>)"
          with
          [
              T=int,
              _Ty=int
          ]
  d:\ивжуал студио\vc\tools\msvc\14.15.26726\include\list(868): note: или       "std::list<T,std::allocator<_Ty>> &std::list<_Ty,std::allocator<_Ty>>::operator =(std::list<_Ty,std::allocator<_Ty>> &&) noexcept(<expr>)"
          with
          [
              T=int,
              _Ty=int
          ]
  c:\users\назар\desktop\oop c++\class-work\project1\project1\queue.h(42): note: при попытке сопоставить список аргументов "(std::list<T,std::allocator<_Ty>>, nullptr)"
          with
          [
              T=int,
              _Ty=int
          ]
  c:\users\назар\desktop\oop c++\class-work\project1\project1\queue.h(41): note: при компиляции функции-члена "<Нет данных>" класса класс <Нет данных>
  c:\users\назар\desktop\oop c++\class-work\project1\project1\main.cpp(7): note: выполняется компиляция ссылки на экземпляр шаблон функции "queue<int>::queue(void)"
